<?xml version="1.0" encoding="UTF-8"?>
<testng-results skipped="2" failed="1" ignored="0" total="19" passed="16">
  <reporter-output>
  </reporter-output>
  <suite name="Suite" duration-ms="5805" started-at="2018-11-07T05:31:16Z" finished-at="2018-11-07T05:31:22Z">
    <groups>
    </groups>
    <test name="Test" duration-ms="5805" started-at="2018-11-07T05:31:16Z" finished-at="2018-11-07T05:31:22Z">
      <class name="com.yy.test.NewTest">
        <test-method status="PASS" signature="f(java.lang.String, java.lang.String, java.lang.String, java.lang.String, java.lang.String)[pri:0, instance:com.yy.test.NewTest@7823a2f9]" name="f" duration-ms="1451" started-at="2018-11-07T13:31:17Z" data-provider="dp" finished-at="2018-11-07T13:31:19Z">
          <params>
            <param index="0">
              <value>
                <![CDATA[http://www.tuling123.com]]>
              </value>
            </param>
            <param index="1">
              <value>
                <![CDATA[/openapi/api/v2]]>
              </value>
            </param>
            <param index="2">
              <value>
                <![CDATA[POST]]>
              </value>
            </param>
            <param index="3">
              <value>
                <![CDATA[{'key':'你好！1'}]]>
              </value>
            </param>
            <param index="4">
              <value>
                <![CDATA[4000]]>
              </value>
            </param>
          </params>
          <reporter-output>
          </reporter-output>
        </test-method> <!-- f -->
        <test-method status="PASS" signature="f(java.lang.String, java.lang.String, java.lang.String, java.lang.String, java.lang.String)[pri:0, instance:com.yy.test.NewTest@7823a2f9]" name="f" duration-ms="247" started-at="2018-11-07T13:31:19Z" data-provider="dp" finished-at="2018-11-07T13:31:19Z">
          <params>
            <param index="0">
              <value>
                <![CDATA[http://www.tuling123.com]]>
              </value>
            </param>
            <param index="1">
              <value>
                <![CDATA[/openapi/api/v2]]>
              </value>
            </param>
            <param index="2">
              <value>
                <![CDATA[POST]]>
              </value>
            </param>
            <param index="3">
              <value>
                <![CDATA[{'key':'你好！2'}]]>
              </value>
            </param>
            <param index="4">
              <value>
                <![CDATA[4000]]>
              </value>
            </param>
          </params>
          <reporter-output>
          </reporter-output>
        </test-method> <!-- f -->
        <test-method status="PASS" signature="f(java.lang.String, java.lang.String, java.lang.String, java.lang.String, java.lang.String)[pri:0, instance:com.yy.test.NewTest@7823a2f9]" name="f" duration-ms="198" started-at="2018-11-07T13:31:19Z" data-provider="dp" finished-at="2018-11-07T13:31:19Z">
          <params>
            <param index="0">
              <value>
                <![CDATA[http://www.tuling123.com]]>
              </value>
            </param>
            <param index="1">
              <value>
                <![CDATA[/openapi/api/v2]]>
              </value>
            </param>
            <param index="2">
              <value>
                <![CDATA[POST]]>
              </value>
            </param>
            <param index="3">
              <value>
                <![CDATA[{'key':'你好！3'}]]>
              </value>
            </param>
            <param index="4">
              <value>
                <![CDATA[4000]]>
              </value>
            </param>
          </params>
          <reporter-output>
          </reporter-output>
        </test-method> <!-- f -->
        <test-method status="PASS" signature="f(java.lang.String, java.lang.String, java.lang.String, java.lang.String, java.lang.String)[pri:0, instance:com.yy.test.NewTest@7823a2f9]" name="f" duration-ms="138" started-at="2018-11-07T13:31:19Z" data-provider="dp" finished-at="2018-11-07T13:31:19Z">
          <params>
            <param index="0">
              <value>
                <![CDATA[http://www.tuling123.com]]>
              </value>
            </param>
            <param index="1">
              <value>
                <![CDATA[/openapi/api/v2]]>
              </value>
            </param>
            <param index="2">
              <value>
                <![CDATA[POST]]>
              </value>
            </param>
            <param index="3">
              <value>
                <![CDATA[{'key':'你好！4'}]]>
              </value>
            </param>
            <param index="4">
              <value>
                <![CDATA[4000]]>
              </value>
            </param>
          </params>
          <reporter-output>
          </reporter-output>
        </test-method> <!-- f -->
        <test-method status="PASS" signature="f(java.lang.String, java.lang.String, java.lang.String, java.lang.String, java.lang.String)[pri:0, instance:com.yy.test.NewTest@7823a2f9]" name="f" duration-ms="215" started-at="2018-11-07T13:31:19Z" data-provider="dp" finished-at="2018-11-07T13:31:19Z">
          <params>
            <param index="0">
              <value>
                <![CDATA[http://www.tuling123.com]]>
              </value>
            </param>
            <param index="1">
              <value>
                <![CDATA[/openapi/api/v2]]>
              </value>
            </param>
            <param index="2">
              <value>
                <![CDATA[POST]]>
              </value>
            </param>
            <param index="3">
              <value>
                <![CDATA[{'key':'你好！5'}]]>
              </value>
            </param>
            <param index="4">
              <value>
                <![CDATA[4000]]>
              </value>
            </param>
          </params>
          <reporter-output>
          </reporter-output>
        </test-method> <!-- f -->
        <test-method status="PASS" signature="f(java.lang.String, java.lang.String, java.lang.String, java.lang.String, java.lang.String)[pri:0, instance:com.yy.test.NewTest@7823a2f9]" name="f" duration-ms="176" started-at="2018-11-07T13:31:19Z" data-provider="dp" finished-at="2018-11-07T13:31:20Z">
          <params>
            <param index="0">
              <value>
                <![CDATA[http://www.tuling123.com]]>
              </value>
            </param>
            <param index="1">
              <value>
                <![CDATA[/openapi/api/v2]]>
              </value>
            </param>
            <param index="2">
              <value>
                <![CDATA[POST]]>
              </value>
            </param>
            <param index="3">
              <value>
                <![CDATA[{'key':'你好！6'}]]>
              </value>
            </param>
            <param index="4">
              <value>
                <![CDATA[4000]]>
              </value>
            </param>
          </params>
          <reporter-output>
          </reporter-output>
        </test-method> <!-- f -->
        <test-method status="PASS" signature="f(java.lang.String, java.lang.String, java.lang.String, java.lang.String, java.lang.String)[pri:0, instance:com.yy.test.NewTest@7823a2f9]" name="f" duration-ms="143" started-at="2018-11-07T13:31:20Z" data-provider="dp" finished-at="2018-11-07T13:31:20Z">
          <params>
            <param index="0">
              <value>
                <![CDATA[http://www.tuling123.com]]>
              </value>
            </param>
            <param index="1">
              <value>
                <![CDATA[/openapi/api/v2]]>
              </value>
            </param>
            <param index="2">
              <value>
                <![CDATA[POST]]>
              </value>
            </param>
            <param index="3">
              <value>
                <![CDATA[{'key':'你好！7'}]]>
              </value>
            </param>
            <param index="4">
              <value>
                <![CDATA[4000]]>
              </value>
            </param>
          </params>
          <reporter-output>
          </reporter-output>
        </test-method> <!-- f -->
        <test-method status="PASS" signature="f(java.lang.String, java.lang.String, java.lang.String, java.lang.String, java.lang.String)[pri:0, instance:com.yy.test.NewTest@7823a2f9]" name="f" duration-ms="223" started-at="2018-11-07T13:31:20Z" data-provider="dp" finished-at="2018-11-07T13:31:20Z">
          <params>
            <param index="0">
              <value>
                <![CDATA[http://www.tuling123.com]]>
              </value>
            </param>
            <param index="1">
              <value>
                <![CDATA[/openapi/api/v2]]>
              </value>
            </param>
            <param index="2">
              <value>
                <![CDATA[POST]]>
              </value>
            </param>
            <param index="3">
              <value>
                <![CDATA[{'key':'你好！8'}]]>
              </value>
            </param>
            <param index="4">
              <value>
                <![CDATA[4000]]>
              </value>
            </param>
          </params>
          <reporter-output>
          </reporter-output>
        </test-method> <!-- f -->
        <test-method status="PASS" signature="f(java.lang.String, java.lang.String, java.lang.String, java.lang.String, java.lang.String)[pri:0, instance:com.yy.test.NewTest@7823a2f9]" name="f" duration-ms="142" started-at="2018-11-07T13:31:20Z" data-provider="dp" finished-at="2018-11-07T13:31:20Z">
          <params>
            <param index="0">
              <value>
                <![CDATA[http://www.tuling123.com]]>
              </value>
            </param>
            <param index="1">
              <value>
                <![CDATA[/openapi/api/v2]]>
              </value>
            </param>
            <param index="2">
              <value>
                <![CDATA[POST]]>
              </value>
            </param>
            <param index="3">
              <value>
                <![CDATA[{'key':'你好！9'}]]>
              </value>
            </param>
            <param index="4">
              <value>
                <![CDATA[4000]]>
              </value>
            </param>
          </params>
          <reporter-output>
          </reporter-output>
        </test-method> <!-- f -->
        <test-method status="PASS" signature="f(java.lang.String, java.lang.String, java.lang.String, java.lang.String, java.lang.String)[pri:0, instance:com.yy.test.NewTest@7823a2f9]" name="f" duration-ms="858" started-at="2018-11-07T13:31:20Z" data-provider="dp" finished-at="2018-11-07T13:31:21Z">
          <params>
            <param index="0">
              <value>
                <![CDATA[http://www.tuling123.com]]>
              </value>
            </param>
            <param index="1">
              <value>
                <![CDATA[/openapi/api/v2]]>
              </value>
            </param>
            <param index="2">
              <value>
                <![CDATA[POST]]>
              </value>
            </param>
            <param index="3">
              <value>
                <![CDATA[{'key':'你好！10'}]]>
              </value>
            </param>
            <param index="4">
              <value>
                <![CDATA[4000]]>
              </value>
            </param>
          </params>
          <reporter-output>
          </reporter-output>
        </test-method> <!-- f -->
        <test-method status="PASS" signature="f(java.lang.String, java.lang.String, java.lang.String, java.lang.String, java.lang.String)[pri:0, instance:com.yy.test.NewTest@7823a2f9]" name="f" duration-ms="179" started-at="2018-11-07T13:31:21Z" data-provider="dp" finished-at="2018-11-07T13:31:21Z">
          <params>
            <param index="0">
              <value>
                <![CDATA[http://www.tuling123.com]]>
              </value>
            </param>
            <param index="1">
              <value>
                <![CDATA[/openapi/api/v2]]>
              </value>
            </param>
            <param index="2">
              <value>
                <![CDATA[POST]]>
              </value>
            </param>
            <param index="3">
              <value>
                <![CDATA[{'key':'你好！11'}]]>
              </value>
            </param>
            <param index="4">
              <value>
                <![CDATA[4000]]>
              </value>
            </param>
          </params>
          <reporter-output>
          </reporter-output>
        </test-method> <!-- f -->
        <test-method status="PASS" signature="f(java.lang.String, java.lang.String, java.lang.String, java.lang.String, java.lang.String)[pri:0, instance:com.yy.test.NewTest@7823a2f9]" name="f" duration-ms="154" started-at="2018-11-07T13:31:21Z" data-provider="dp" finished-at="2018-11-07T13:31:21Z">
          <params>
            <param index="0">
              <value>
                <![CDATA[http://www.tuling123.com]]>
              </value>
            </param>
            <param index="1">
              <value>
                <![CDATA[/openapi/api/v2]]>
              </value>
            </param>
            <param index="2">
              <value>
                <![CDATA[POST]]>
              </value>
            </param>
            <param index="3">
              <value>
                <![CDATA[{'key':'你好！12'}]]>
              </value>
            </param>
            <param index="4">
              <value>
                <![CDATA[4000]]>
              </value>
            </param>
          </params>
          <reporter-output>
          </reporter-output>
        </test-method> <!-- f -->
        <test-method status="PASS" signature="f(java.lang.String, java.lang.String, java.lang.String, java.lang.String, java.lang.String)[pri:0, instance:com.yy.test.NewTest@7823a2f9]" name="f" duration-ms="150" started-at="2018-11-07T13:31:21Z" data-provider="dp" finished-at="2018-11-07T13:31:22Z">
          <params>
            <param index="0">
              <value>
                <![CDATA[http://www.tuling123.com]]>
              </value>
            </param>
            <param index="1">
              <value>
                <![CDATA[/openapi/api/v2]]>
              </value>
            </param>
            <param index="2">
              <value>
                <![CDATA[POST]]>
              </value>
            </param>
            <param index="3">
              <value>
                <![CDATA[{'key':'你好！13'}]]>
              </value>
            </param>
            <param index="4">
              <value>
                <![CDATA[4000]]>
              </value>
            </param>
          </params>
          <reporter-output>
          </reporter-output>
        </test-method> <!-- f -->
        <test-method status="PASS" signature="f(java.lang.String, java.lang.String, java.lang.String, java.lang.String, java.lang.String)[pri:0, instance:com.yy.test.NewTest@7823a2f9]" name="f" duration-ms="135" started-at="2018-11-07T13:31:22Z" data-provider="dp" finished-at="2018-11-07T13:31:22Z">
          <params>
            <param index="0">
              <value>
                <![CDATA[http://www.tuling123.com]]>
              </value>
            </param>
            <param index="1">
              <value>
                <![CDATA[/openapi/api/v2]]>
              </value>
            </param>
            <param index="2">
              <value>
                <![CDATA[POST]]>
              </value>
            </param>
            <param index="3">
              <value>
                <![CDATA[{'key':'你好！14'}]]>
              </value>
            </param>
            <param index="4">
              <value>
                <![CDATA[4000]]>
              </value>
            </param>
          </params>
          <reporter-output>
          </reporter-output>
        </test-method> <!-- f -->
        <test-method status="PASS" signature="test1()[pri:0, instance:com.yy.test.NewTest@7823a2f9]" name="test1" duration-ms="7" started-at="2018-11-07T13:31:22Z" finished-at="2018-11-07T13:31:22Z">
          <reporter-output>
          </reporter-output>
        </test-method> <!-- test1 -->
        <test-method status="PASS" signature="test2()[pri:0, instance:com.yy.test.NewTest@7823a2f9]" name="test2" duration-ms="2" started-at="2018-11-07T13:31:22Z" finished-at="2018-11-07T13:31:22Z">
          <reporter-output>
          </reporter-output>
        </test-method> <!-- test2 -->
        <test-method status="SKIP" signature="test3()[pri:0, instance:com.yy.test.NewTest@7823a2f9]" name="test3" duration-ms="4" started-at="2018-11-07T13:31:22Z" finished-at="2018-11-07T13:31:22Z">
          <exception class="java.lang.AssertionError">
            <message>
              <![CDATA[expected [1] but found [2]]]>
            </message>
            <full-stacktrace>
              <![CDATA[java.lang.AssertionError: expected [1] but found [2]
	at org.testng.Assert.fail(Assert.java:93)
	at org.testng.Assert.failNotEquals(Assert.java:512)
	at org.testng.Assert.assertEqualsImpl(Assert.java:134)
	at org.testng.Assert.assertEquals(Assert.java:115)
	at org.testng.Assert.assertEquals(Assert.java:189)
	at org.testng.Assert.assertEquals(Assert.java:199)
	at com.yy.test.NewTest.test3(NewTest.java:36)
	at sun.reflect.NativeMethodAccessorImpl.invoke0(Native Method)
	at sun.reflect.NativeMethodAccessorImpl.invoke(NativeMethodAccessorImpl.java:62)
	at sun.reflect.DelegatingMethodAccessorImpl.invoke(DelegatingMethodAccessorImpl.java:43)
	at java.lang.reflect.Method.invoke(Method.java:498)
	at org.testng.internal.MethodInvocationHelper.invokeMethod(MethodInvocationHelper.java:108)
	at org.testng.internal.Invoker.invokeMethod(Invoker.java:661)
	at org.testng.internal.Invoker.invokeTestMethod(Invoker.java:869)
	at org.testng.internal.Invoker.invokeTestMethods(Invoker.java:1193)
	at org.testng.internal.TestMethodWorker.invokeTestMethods(TestMethodWorker.java:126)
	at org.testng.internal.TestMethodWorker.run(TestMethodWorker.java:109)
	at org.testng.TestRunner.privateRun(TestRunner.java:744)
	at org.testng.TestRunner.run(TestRunner.java:602)
	at org.testng.SuiteRunner.runTest(SuiteRunner.java:380)
	at org.testng.SuiteRunner.runSequentially(SuiteRunner.java:375)
	at org.testng.SuiteRunner.privateRun(SuiteRunner.java:340)
	at org.testng.SuiteRunner.run(SuiteRunner.java:289)
	at org.testng.SuiteRunnerWorker.runSuite(SuiteRunnerWorker.java:52)
	at org.testng.SuiteRunnerWorker.run(SuiteRunnerWorker.java:86)
	at org.testng.TestNG.runSuitesSequentially(TestNG.java:1301)
	at org.testng.TestNG.runSuitesLocally(TestNG.java:1226)
	at org.testng.TestNG.runSuites(TestNG.java:1144)
	at org.testng.TestNG.run(TestNG.java:1115)
	at org.testng.remote.AbstractRemoteTestNG.run(AbstractRemoteTestNG.java:132)
	at org.testng.remote.RemoteTestNG.initAndRun(RemoteTestNG.java:230)
	at org.testng.remote.RemoteTestNG.main(RemoteTestNG.java:76)
]]>
            </full-stacktrace>
          </exception> <!-- java.lang.AssertionError -->
          <reporter-output>
          </reporter-output>
        </test-method> <!-- test3 -->
        <test-method status="SKIP" signature="test3()[pri:0, instance:com.yy.test.NewTest@7823a2f9]" name="test3" duration-ms="9" started-at="2018-11-07T13:31:22Z" finished-at="2018-11-07T13:31:22Z">
          <exception class="java.lang.AssertionError">
            <message>
              <![CDATA[expected [1] but found [2]]]>
            </message>
            <full-stacktrace>
              <![CDATA[java.lang.AssertionError: expected [1] but found [2]
	at org.testng.Assert.fail(Assert.java:93)
	at org.testng.Assert.failNotEquals(Assert.java:512)
	at org.testng.Assert.assertEqualsImpl(Assert.java:134)
	at org.testng.Assert.assertEquals(Assert.java:115)
	at org.testng.Assert.assertEquals(Assert.java:189)
	at org.testng.Assert.assertEquals(Assert.java:199)
	at com.yy.test.NewTest.test3(NewTest.java:36)
	at sun.reflect.NativeMethodAccessorImpl.invoke0(Native Method)
	at sun.reflect.NativeMethodAccessorImpl.invoke(NativeMethodAccessorImpl.java:62)
	at sun.reflect.DelegatingMethodAccessorImpl.invoke(DelegatingMethodAccessorImpl.java:43)
	at java.lang.reflect.Method.invoke(Method.java:498)
	at org.testng.internal.MethodInvocationHelper.invokeMethod(MethodInvocationHelper.java:108)
	at org.testng.internal.Invoker.invokeMethod(Invoker.java:661)
	at org.testng.internal.Invoker.retryFailed(Invoker.java:1014)
	at org.testng.internal.Invoker.invokeTestMethods(Invoker.java:1215)
	at org.testng.internal.TestMethodWorker.invokeTestMethods(TestMethodWorker.java:126)
	at org.testng.internal.TestMethodWorker.run(TestMethodWorker.java:109)
	at org.testng.TestRunner.privateRun(TestRunner.java:744)
	at org.testng.TestRunner.run(TestRunner.java:602)
	at org.testng.SuiteRunner.runTest(SuiteRunner.java:380)
	at org.testng.SuiteRunner.runSequentially(SuiteRunner.java:375)
	at org.testng.SuiteRunner.privateRun(SuiteRunner.java:340)
	at org.testng.SuiteRunner.run(SuiteRunner.java:289)
	at org.testng.SuiteRunnerWorker.runSuite(SuiteRunnerWorker.java:52)
	at org.testng.SuiteRunnerWorker.run(SuiteRunnerWorker.java:86)
	at org.testng.TestNG.runSuitesSequentially(TestNG.java:1301)
	at org.testng.TestNG.runSuitesLocally(TestNG.java:1226)
	at org.testng.TestNG.runSuites(TestNG.java:1144)
	at org.testng.TestNG.run(TestNG.java:1115)
	at org.testng.remote.AbstractRemoteTestNG.run(AbstractRemoteTestNG.java:132)
	at org.testng.remote.RemoteTestNG.initAndRun(RemoteTestNG.java:230)
	at org.testng.remote.RemoteTestNG.main(RemoteTestNG.java:76)
]]>
            </full-stacktrace>
          </exception> <!-- java.lang.AssertionError -->
          <reporter-output>
          </reporter-output>
        </test-method> <!-- test3 -->
        <test-method status="FAIL" signature="test3()[pri:0, instance:com.yy.test.NewTest@7823a2f9]" name="test3" duration-ms="2" started-at="2018-11-07T13:31:22Z" finished-at="2018-11-07T13:31:22Z">
          <exception class="java.lang.AssertionError">
            <message>
              <![CDATA[expected [1] but found [2]]]>
            </message>
            <full-stacktrace>
              <![CDATA[java.lang.AssertionError: expected [1] but found [2]
	at org.testng.Assert.fail(Assert.java:93)
	at org.testng.Assert.failNotEquals(Assert.java:512)
	at org.testng.Assert.assertEqualsImpl(Assert.java:134)
	at org.testng.Assert.assertEquals(Assert.java:115)
	at org.testng.Assert.assertEquals(Assert.java:189)
	at org.testng.Assert.assertEquals(Assert.java:199)
	at com.yy.test.NewTest.test3(NewTest.java:36)
	at sun.reflect.NativeMethodAccessorImpl.invoke0(Native Method)
	at sun.reflect.NativeMethodAccessorImpl.invoke(NativeMethodAccessorImpl.java:62)
	at sun.reflect.DelegatingMethodAccessorImpl.invoke(DelegatingMethodAccessorImpl.java:43)
	at java.lang.reflect.Method.invoke(Method.java:498)
	at org.testng.internal.MethodInvocationHelper.invokeMethod(MethodInvocationHelper.java:108)
	at org.testng.internal.Invoker.invokeMethod(Invoker.java:661)
	at org.testng.internal.Invoker.retryFailed(Invoker.java:1014)
	at org.testng.internal.Invoker.invokeTestMethods(Invoker.java:1215)
	at org.testng.internal.TestMethodWorker.invokeTestMethods(TestMethodWorker.java:126)
	at org.testng.internal.TestMethodWorker.run(TestMethodWorker.java:109)
	at org.testng.TestRunner.privateRun(TestRunner.java:744)
	at org.testng.TestRunner.run(TestRunner.java:602)
	at org.testng.SuiteRunner.runTest(SuiteRunner.java:380)
	at org.testng.SuiteRunner.runSequentially(SuiteRunner.java:375)
	at org.testng.SuiteRunner.privateRun(SuiteRunner.java:340)
	at org.testng.SuiteRunner.run(SuiteRunner.java:289)
	at org.testng.SuiteRunnerWorker.runSuite(SuiteRunnerWorker.java:52)
	at org.testng.SuiteRunnerWorker.run(SuiteRunnerWorker.java:86)
	at org.testng.TestNG.runSuitesSequentially(TestNG.java:1301)
	at org.testng.TestNG.runSuitesLocally(TestNG.java:1226)
	at org.testng.TestNG.runSuites(TestNG.java:1144)
	at org.testng.TestNG.run(TestNG.java:1115)
	at org.testng.remote.AbstractRemoteTestNG.run(AbstractRemoteTestNG.java:132)
	at org.testng.remote.RemoteTestNG.initAndRun(RemoteTestNG.java:230)
	at org.testng.remote.RemoteTestNG.main(RemoteTestNG.java:76)
]]>
            </full-stacktrace>
          </exception> <!-- java.lang.AssertionError -->
          <reporter-output>
          </reporter-output>
        </test-method> <!-- test3 -->
      </class> <!-- com.yy.test.NewTest -->
    </test> <!-- Test -->
  </suite> <!-- Suite -->
</testng-results>
